2025-08-20 10:43:41,126 - pipeline - INFO - Starting feature pipeline
2025-08-20 10:43:41,450 - data - INFO - Loaded data from /workspaces/Machine-learning/data/raw/SundasPoDetail.xlsx, shape: (2503, 5)
2025-08-20 10:43:41,453 - data - ERROR - Error loading data: int() argument must be a string, a bytes-like object or a real number, not 'Timestamp'
2025-08-20 10:43:41,453 - pipeline - ERROR - Pipeline failed: int() argument must be a string, a bytes-like object or a real number, not 'Timestamp'
2025-08-20 10:43:41,453 - root - ERROR - Main execution failed: int() argument must be a string, a bytes-like object or a real number, not 'Timestamp'
2025-08-20 10:45:48,247 - pipeline - INFO - Starting feature pipeline
2025-08-20 10:45:48,568 - data - INFO - Loaded data from /workspaces/Machine-learning/data/raw/SundasPoDetail.xlsx, shape: (2503, 5)
2025-08-20 10:45:48,569 - data - INFO - OrderDate is already in datetime format
2025-08-20 10:45:48,569 - data - INFO - Data loaded and parsed successfully
2025-08-20 10:45:48,574 - data_preprocessing - INFO - Removed 0 duplicate rows
2025-08-20 10:45:49,262 - data_preprocessing - INFO - Aggregated data to M frequency, shape: (2672, 3)
2025-08-20 10:45:49,269 - feature_engineering - INFO - Engineered features for SKU  ALB2-T 400T cobas c111     , shape: (12, 11)
2025-08-20 10:45:49,274 - feature_engineering - INFO - Engineered features for SKU  ALP2- 200T cobas c111     , shape: (12, 11)
2025-08-20 10:45:49,279 - feature_engineering - INFO - Engineered features for SKU  ALT - 400T Cobas c111     , shape: (8, 11)
2025-08-20 10:45:49,282 - feature_engineering - INFO - Engineered features for SKU  AST/GOT - 400T Cobas c111     , shape: (12, 11)
2025-08-20 10:45:49,286 - feature_engineering - INFO - Engineered features for SKU  Aryo 7 Injection, shape: (3, 11)
2025-08-20 10:45:49,287 - feature_engineering - WARNING - Skipping SKU  BIL-D Gen.2, 100T cobas c111    : insufficient data points (1)
2025-08-20 10:45:49,292 - feature_engineering - INFO - Engineered features for SKU  BIL-T Gen.3, 400 T cobas c111    , shape: (6, 11)
2025-08-20 10:45:49,296 - feature_engineering - INFO - Engineered features for SKU  CREAJ2 - 400T cobas c111     , shape: (6, 11)
2025-08-20 10:45:49,297 - feature_engineering - WARNING - Skipping SKU  Cfas 12*3ml    : insufficient data points (1)
2025-08-20 10:45:49,298 - feature_engineering - WARNING - Skipping SKU  Cfas HbA1c, 3*2ml    : insufficient data points (1)
2025-08-20 10:45:49,301 - feature_engineering - INFO - Engineered features for SKU  Cleaner, cobas c , Integra    , shape: (10, 11)
2025-08-20 10:45:49,306 - feature_engineering - INFO - Engineered features for SKU  Glucose - 400T cobas c111     , shape: (5, 11)
2025-08-20 10:45:49,310 - feature_engineering - INFO - Engineered features for SKU  HDLC4 - 200T cobas c111     , shape: (8, 11)
2025-08-20 10:45:49,314 - feature_engineering - INFO - Engineered features for SKU  HbA1c  TQ Gen.3, 200T cobas c111    , shape: (10, 11)
2025-08-20 10:45:49,318 - feature_engineering - INFO - Engineered features for SKU  ISE Deproteinizer for  cobas c111    , shape: (8, 11)
2025-08-20 10:45:49,322 - feature_engineering - INFO - Engineered features for SKU  LDL-C Gen.3,  100T cobas c111     , shape: (6, 11)
2025-08-20 10:45:49,323 - feature_engineering - WARNING - Skipping SKU  Lamp Halogen 12V/20W  Assy    : insufficient data points (1)
2025-08-20 10:45:49,328 - feature_engineering - INFO - Engineered features for SKU  Micro Cuvette Segment    , shape: (11, 11)
2025-08-20 10:45:49,329 - feature_engineering - WARNING - Skipping SKU  PreciControl ClinChem Multi 1, 4*5ml    : insufficient data points (1)
2025-08-20 10:45:49,330 - feature_engineering - WARNING - Skipping SKU  PreciControl ClinChem Multi 2, 4*5ml    : insufficient data points (1)
2025-08-20 10:45:49,331 - feature_engineering - WARNING - Skipping SKU  PreciControl HBA1c Normal    : insufficient data points (1)
2025-08-20 10:45:49,336 - feature_engineering - INFO - Engineered features for SKU  TG GPO- PAP   200T cobas c111     , shape: (6, 11)
2025-08-20 10:45:49,341 - feature_engineering - INFO - Engineered features for SKU  Total Protein 400 T cobas c111    , shape: (12, 11)
2025-08-20 10:45:49,342 - feature_engineering - WARNING - Skipping SKU  UA Plus  400T cobas c111    : insufficient data points (1)
2025-08-20 10:45:49,343 - feature_engineering - WARNING - Skipping SKU ACDA Solution : insufficient data points (1)
2025-08-20 10:45:49,348 - feature_engineering - INFO - Engineered features for SKU ALBA Power Isolating Transformer (Lab), shape: (4, 11)
2025-08-20 10:45:49,353 - feature_engineering - INFO - Engineered features for SKU ALP-S, shape: (6, 11)
2025-08-20 10:45:49,358 - feature_engineering - INFO - Engineered features for SKU ALT.GPT , shape: (8, 11)
2025-08-20 10:45:49,362 - feature_engineering - INFO - Engineered features for SKU APTT, shape: (10, 11)
2025-08-20 10:45:49,366 - feature_engineering - INFO - Engineered features for SKU ARC Anti- HCV Calibrators , shape: (9, 11)
2025-08-20 10:45:49,372 - feature_engineering - INFO - Engineered features for SKU ARC Anti- HCV Controls, shape: (10, 11)
2025-08-20 10:45:49,377 - feature_engineering - INFO - Engineered features for SKU ARC HBsAg Calibrators , shape: (9, 11)
2025-08-20 10:45:49,383 - feature_engineering - INFO - Engineered features for SKU ARC HBsAg Control, shape: (10, 11)
2025-08-20 10:45:49,387 - feature_engineering - INFO - Engineered features for SKU ARC HIV Ag/ Ab Comb Calibrator, shape: (10, 11)
2025-08-20 10:45:49,391 - feature_engineering - INFO - Engineered features for SKU ARC HIV Ag/ Ab Comb Control, shape: (10, 11)
2025-08-20 10:45:49,396 - feature_engineering - INFO - Engineered features for SKU ARC Syphilis TP Calibrator, shape: (10, 11)
2025-08-20 10:45:49,400 - feature_engineering - INFO - Engineered features for SKU ARC Syphilis TP Controls, shape: (10, 11)
2025-08-20 10:45:49,401 - feature_engineering - WARNING - Skipping SKU ARC VIT D RGT 100 Test: insufficient data points (1)
2025-08-20 10:45:49,402 - feature_engineering - WARNING - Skipping SKU ARC Vitamin-D Calibrator Pack: insufficient data points (1)
2025-08-20 10:45:49,403 - feature_engineering - WARNING - Skipping SKU ARC Vitamin-D Control Pack: insufficient data points (1)
2025-08-20 10:45:49,404 - feature_engineering - WARNING - Skipping SKU ATEM Tab: insufficient data points (1)
2025-08-20 10:45:49,408 - feature_engineering - INFO - Engineered features for SKU Acid, shape: (7, 11)
2025-08-20 10:45:49,410 - feature_engineering - WARNING - Skipping SKU Adrenaline Inj: insufficient data points (1)
2025-08-20 10:45:49,411 - feature_engineering - WARNING - Skipping SKU Air Cooler: insufficient data points (1)
2025-08-20 10:45:49,414 - feature_engineering - INFO - Engineered features for SKU Albumim, shape: (12, 11)
2025-08-20 10:45:49,419 - feature_engineering - INFO - Engineered features for SKU Alcohal Swab, shape: (5, 11)
2025-08-20 10:45:49,420 - feature_engineering - WARNING - Skipping SKU Alginate : insufficient data points (1)
2025-08-20 10:45:49,425 - feature_engineering - INFO - Engineered features for SKU Alkohl Swab, shape: (3, 11)
2025-08-20 10:45:49,427 - feature_engineering - WARNING - Skipping SKU Alpha Infusion Pump-01: insufficient data points (1)
2025-08-20 10:45:49,432 - feature_engineering - INFO - Engineered features for SKU Anti A1, shape: (5, 11)
2025-08-20 10:45:49,437 - feature_engineering - INFO - Engineered features for SKU Anti D, shape: (5, 11)
2025-08-20 10:45:49,438 - feature_engineering - WARNING - Skipping SKU Anti D Blend IgG 10 ML: insufficient data points (1)
2025-08-20 10:45:49,441 - feature_engineering - INFO - Engineered features for SKU Anti E, shape: (9, 11)
2025-08-20 10:45:49,446 - feature_engineering - INFO - Engineered features for SKU Anti FERRTIN (ARC), shape: (12, 11)
2025-08-20 10:45:49,451 - feature_engineering - INFO - Engineered features for SKU Anti HBSag (ARC), shape: (12, 11)
2025-08-20 10:45:49,456 - feature_engineering - INFO - Engineered features for SKU Anti HCVag (ARC), shape: (12, 11)
2025-08-20 10:45:49,460 - feature_engineering - INFO - Engineered features for SKU Anti HIVag (ARC), shape: (12, 11)
2025-08-20 10:45:49,461 - feature_engineering - WARNING - Skipping SKU Anti Human IGg: insufficient data points (1)
2025-08-20 10:45:49,465 - feature_engineering - INFO - Engineered features for SKU Anti K Kell, shape: (9, 11)
2025-08-20 10:45:49,469 - feature_engineering - INFO - Engineered features for SKU Anti SYPHILIS (ARC), shape: (12, 11)
2025-08-20 10:45:49,473 - feature_engineering - INFO - Engineered features for SKU Anti Sera  A (Vial), shape: (11, 11)
2025-08-20 10:45:49,478 - feature_engineering - INFO - Engineered features for SKU Anti Sera  B (Vial), shape: (11, 11)
2025-08-20 10:45:49,482 - feature_engineering - INFO - Engineered features for SKU Anti Sera  D (Vial), shape: (11, 11)
2025-08-20 10:45:49,486 - feature_engineering - INFO - Engineered features for SKU Anti Sera Set A,B,D, shape: (10, 11)
2025-08-20 10:45:49,492 - feature_engineering - INFO - Engineered features for SKU Anti-HCV G2 Elecsys cobas e 200 , shape: (12, 11)
2025-08-20 10:45:49,496 - feature_engineering - INFO - Engineered features for SKU Anti-HCV PC Elecsys , shape: (3, 11)
2025-08-20 10:45:49,497 - feature_engineering - WARNING - Skipping SKU Architect/ Elisa Screening Register : insufficient data points (1)
2025-08-20 10:45:49,502 - feature_engineering - INFO - Engineered features for SKU Arefed 180 mg, shape: (3, 11)
2025-08-20 10:45:49,505 - feature_engineering - INFO - Engineered features for SKU Arefed 250mg, shape: (5, 11)
2025-08-20 10:45:49,510 - feature_engineering - INFO - Engineered features for SKU Arefed 360 mg, shape: (10, 11)
2025-08-20 10:45:49,515 - feature_engineering - INFO - Engineered features for SKU Arefed 500mg, shape: (7, 11)
2025-08-20 10:45:49,521 - feature_engineering - INFO - Engineered features for SKU Assay Cup Elecsys2010/cobas e411 , shape: (10, 11)
2025-08-20 10:45:49,526 - feature_engineering - INFO - Engineered features for SKU Assay Tip Elecsys2010/cobas e411, shape: (12, 11)
2025-08-20 10:45:49,532 - feature_engineering - INFO - Engineered features for SKU Avil Inj, shape: (11, 11)
2025-08-20 10:45:49,537 - feature_engineering - INFO - Engineered features for SKU Avil Syp, shape: (11, 11)
2025-08-20 10:45:49,543 - feature_engineering - INFO - Engineered features for SKU Avil Tablet, shape: (12, 11)
2025-08-20 10:45:49,544 - feature_engineering - WARNING - Skipping SKU BP Apparatus Mercury: insufficient data points (1)
2025-08-20 10:45:49,546 - feature_engineering - WARNING - Skipping SKU BT Pro Normal Control 2ml : insufficient data points (1)
2025-08-20 10:45:49,551 - feature_engineering - INFO - Engineered features for SKU BT Set (Termo), shape: (10, 11)
2025-08-20 10:45:49,556 - feature_engineering - INFO - Engineered features for SKU BT.Set (JMS), shape: (5, 11)
2025-08-20 10:45:49,561 - feature_engineering - INFO - Engineered features for SKU BT.Set Double Chember (Demotek), shape: (8, 11)
2025-08-20 10:45:49,563 - feature_engineering - WARNING - Skipping SKU BT.Set Single Chember (Demotek): insufficient data points (1)
2025-08-20 10:45:49,564 - feature_engineering - WARNING - Skipping SKU Bandage : insufficient data points (1)
2025-08-20 10:45:49,569 - feature_engineering - INFO - Engineered features for SKU Bank Payment Voucher BPV, shape: (8, 11)
2025-08-20 10:45:49,570 - feature_engineering - WARNING - Skipping SKU Banks Deposit Slips of Sundas : insufficient data points (1)
2025-08-20 10:45:49,576 - feature_engineering - INFO - Engineered features for SKU Bans Jharo , shape: (9, 11)
2025-08-20 10:45:49,581 - feature_engineering - INFO - Engineered features for SKU Barcode Sticker PVC 50*25, shape: (8, 11)
2025-08-20 10:45:49,586 - feature_engineering - INFO - Engineered features for SKU Battery, shape: (5, 11)
2025-08-20 10:45:49,588 - feature_engineering - WARNING - Skipping SKU Bed Sheet : insufficient data points (1)
2025-08-20 10:45:49,593 - feature_engineering - INFO - Engineered features for SKU Bio Chemistry Register, shape: (4, 11)
2025-08-20 10:45:49,594 - feature_engineering - WARNING - Skipping SKU Black Copper Ribbon 60*300 Premium Wax: insufficient data points (1)
2025-08-20 10:45:49,600 - feature_engineering - INFO - Engineered features for SKU Bleach, shape: (8, 11)
2025-08-20 10:45:49,605 - feature_engineering - INFO - Engineered features for SKU Bliss Solution, shape: (12, 11)
2025-08-20 10:45:49,610 - feature_engineering - INFO - Engineered features for SKU Blood Chamber 100ml, shape: (7, 11)
2025-08-20 10:45:49,611 - feature_engineering - WARNING - Skipping SKU Blood Donation History Performa: insufficient data points (1)
2025-08-20 10:45:49,612 - feature_engineering - WARNING - Skipping SKU Blood Donor Cards : insufficient data points (2)
2025-08-20 10:45:49,613 - feature_engineering - WARNING - Skipping SKU Blood Donor Record Register : insufficient data points (1)
2025-08-20 10:45:49,619 - feature_engineering - INFO - Engineered features for SKU Blood Donor Registration Cards, shape: (9, 11)
2025-08-20 10:45:49,620 - feature_engineering - WARNING - Skipping SKU Blood Grouping and Cross Match Daily Work Sheet : insufficient data points (1)
2025-08-20 10:45:49,621 - feature_engineering - WARNING - Skipping SKU Blood Product Register: insufficient data points (1)
2025-08-20 10:45:49,623 - feature_engineering - WARNING - Skipping SKU Blood Sample Record Nursing to Lab Register: insufficient data points (1)
2025-08-20 10:45:49,628 - feature_engineering - INFO - Engineered features for SKU Blue Tips, shape: (9, 11)
2025-08-20 10:45:49,629 - feature_engineering - WARNING - Skipping SKU Bonding Agent : insufficient data points (1)
2025-08-20 10:45:49,635 - feature_engineering - INFO - Engineered features for SKU Branula # 22 B.B, shape: (6, 11)
2025-08-20 10:45:49,640 - feature_engineering - INFO - Engineered features for SKU Branula # 24 B.B, shape: (9, 11)
2025-08-20 10:45:49,641 - feature_engineering - WARNING - Skipping SKU Brufen Syp: insufficient data points (1)
2025-08-20 10:45:49,642 - feature_engineering - WARNING - Skipping SKU Bur: insufficient data points (1)
2025-08-20 10:45:49,644 - feature_engineering - WARNING - Skipping SKU Butter Fly 24-G: insufficient data points (1)
2025-08-20 10:45:49,649 - feature_engineering - INFO - Engineered features for SKU CA, Gen.2, 400T, cobas c111, shape: (7, 11)
2025-08-20 10:45:49,654 - feature_engineering - INFO - Engineered features for SKU CALBICAL Syp, shape: (5, 11)
2025-08-20 10:45:49,659 - feature_engineering - INFO - Engineered features for SKU CALBICAL Tab, shape: (5, 11)
2025-08-20 10:45:49,664 - feature_engineering - INFO - Engineered features for SKU CBC Low Control 1.5ml, shape: (8, 11)
2025-08-20 10:45:49,670 - feature_engineering - INFO - Engineered features for SKU CBC Normal Control 1.5ml, shape: (8, 11)
2025-08-20 10:45:49,675 - feature_engineering - INFO - Engineered features for SKU CBC Pads, shape: (9, 11)
2025-08-20 10:45:49,680 - feature_engineering - INFO - Engineered features for SKU CBC Print Roll, shape: (10, 11)
2025-08-20 10:45:49,681 - feature_engineering - WARNING - Skipping SKU CBC Register : insufficient data points (1)
2025-08-20 10:45:49,682 - feature_engineering - WARNING - Skipping SKU CCTV Camera: insufficient data points (1)
2025-08-20 10:45:49,686 - feature_engineering - INFO - Engineered features for SKU CEMAG-D Tab, shape: (6, 11)
2025-08-20 10:45:49,687 - feature_engineering - WARNING - Skipping SKU CLENIL Tab: insufficient data points (1)
2025-08-20 10:45:49,689 - feature_engineering - WARNING - Skipping SKU Calcium: insufficient data points (1)
2025-08-20 10:45:49,690 - feature_engineering - WARNING - Skipping SKU Camera Lens Sigma 35MM  : insufficient data points (1)
2025-08-20 10:45:49,691 - feature_engineering - WARNING - Skipping SKU Cardiac Monitor: insufficient data points (1)
2025-08-20 10:45:49,692 - feature_engineering - WARNING - Skipping SKU Cash Payment Voucher CPV: insufficient data points (2)
2025-08-20 10:45:49,698 - feature_engineering - INFO - Engineered features for SKU Cassette (Cross Match), shape: (12, 11)
2025-08-20 10:45:49,702 - feature_engineering - INFO - Engineered features for SKU Cell Pack, shape: (12, 11)
2025-08-20 10:45:49,703 - feature_engineering - WARNING - Skipping SKU Celling Brush for Cleaning : insufficient data points (1)
2025-08-20 10:45:49,708 - feature_engineering - INFO - Engineered features for SKU Centrifuge Machine, shape: (10, 11)
2025-08-20 10:45:49,713 - feature_engineering - INFO - Engineered features for SKU Certificate of Appreciation , shape: (11, 11)
2025-08-20 10:45:49,718 - feature_engineering - INFO - Engineered features for SKU Certificate of Services for Humanity , shape: (8, 11)
2025-08-20 10:45:49,719 - feature_engineering - WARNING - Skipping SKU Cfas Lipids 3*1ml : insufficient data points (1)
2025-08-20 10:45:49,724 - feature_engineering - INFO - Engineered features for SKU Cholesterian- 400T cobas c111, shape: (6, 11)
2025-08-20 10:45:49,729 - feature_engineering - INFO - Engineered features for SKU CleanCell Elecsys, cobas e, shape: (12, 11)
2025-08-20 10:45:49,733 - feature_engineering - INFO - Engineered features for SKU Cleaner (20L) for BT Series, shape: (10, 11)
2025-08-20 10:45:49,737 - feature_engineering - INFO - Engineered features for SKU Cloted Tube, shape: (11, 11)
2025-08-20 10:45:49,741 - feature_engineering - INFO - Engineered features for SKU Cloth Washing Brush, shape: (11, 11)
2025-08-20 10:45:49,746 - feature_engineering - INFO - Engineered features for SKU Combs/Anti Human Globulin, shape: (11, 11)
2025-08-20 10:45:49,747 - feature_engineering - WARNING - Skipping SKU Condenser : insufficient data points (1)
2025-08-20 10:45:49,751 - feature_engineering - INFO - Engineered features for SKU Cotton Roll, shape: (12, 11)
2025-08-20 10:45:49,757 - feature_engineering - INFO - Engineered features for SKU Cover Slipe, shape: (7, 11)
2025-08-20 10:45:49,758 - feature_engineering - WARNING - Skipping SKU Crash Trolley: insufficient data points (1)
2025-08-20 10:45:49,763 - feature_engineering - INFO - Engineered features for SKU Creatinine  (RFT), shape: (7, 11)
2025-08-20 10:45:49,765 - feature_engineering - WARNING - Skipping SKU Creatinine Jaffe 10*25ML: insufficient data points (1)
2025-08-20 10:45:49,766 - feature_engineering - WARNING - Skipping SKU Cross Match Pads: insufficient data points (1)
2025-08-20 10:45:49,767 - feature_engineering - WARNING - Skipping SKU Cross Match Register : insufficient data points (1)
2025-08-20 10:45:49,773 - feature_engineering - INFO - Engineered features for SKU DOW-D 5mg/ml  Inj, shape: (12, 11)
2025-08-20 10:45:49,778 - feature_engineering - INFO - Engineered features for SKU Defox-500 mg , shape: (5, 11)
2025-08-20 10:45:49,783 - feature_engineering - INFO - Engineered features for SKU Deionized Water , shape: (10, 11)
2025-08-20 10:45:49,788 - feature_engineering - INFO - Engineered features for SKU Desferol Red Inj 0.5g , shape: (12, 11)
2025-08-20 10:45:49,794 - feature_engineering - INFO - Engineered features for SKU Desktop Computer CPU, shape: (10, 11)
2025-08-20 10:45:49,798 - feature_engineering - INFO - Engineered features for SKU Dettol regular 1Ltr, shape: (8, 11)
2025-08-20 10:45:49,802 - feature_engineering - INFO - Engineered features for SKU Diaspect TM Hb Cuvettes, shape: (8, 11)
2025-08-20 10:45:49,804 - feature_engineering - WARNING - Skipping SKU Diaspect TM Hb Meter: insufficient data points (1)
2025-08-20 10:45:49,805 - feature_engineering - WARNING - Skipping SKU Dicloran Inj: insufficient data points (1)
2025-08-20 10:45:49,810 - feature_engineering - INFO - Engineered features for SKU Diluent, shape: (12, 11)
2025-08-20 10:45:49,815 - feature_engineering - INFO - Engineered features for SKU Diluent (20L) for BT Series, shape: (12, 11)
2025-08-20 10:45:49,817 - feature_engineering - WARNING - Skipping SKU Discard Register: insufficient data points (1)
2025-08-20 10:45:49,818 - feature_engineering - WARNING - Skipping SKU Dispatch Mail Register : insufficient data points (1)
2025-08-20 10:45:49,823 - feature_engineering - INFO - Engineered features for SKU Distal Water , shape: (11, 11)
2025-08-20 10:45:49,833 - feature_engineering - INFO - Engineered features for SKU Distal Water 5ml, shape: (12, 11)
2025-08-20 10:45:49,839 - feature_engineering - INFO - Engineered features for SKU Doctor Prescription Slip, shape: (12, 11)
2025-08-20 10:45:49,840 - feature_engineering - WARNING - Skipping SKU Dolirax Syp: insufficient data points (1)
2025-08-20 10:45:49,845 - feature_engineering - INFO - Engineered features for SKU Donations Receipt Book, shape: (12, 11)
2025-08-20 10:45:49,847 - feature_engineering - WARNING - Skipping SKU Donor History Consent Form: insufficient data points (1)
2025-08-20 10:45:49,848 - feature_engineering - WARNING - Skipping SKU Donor Information Literature: insufficient data points (1)
2025-08-20 10:45:49,852 - feature_engineering - INFO - Engineered features for SKU Doplet-3 Injection, shape: (10, 11)
2025-08-20 10:45:49,857 - feature_engineering - INFO - Engineered features for SKU Double Blood Bags (demotek), shape: (10, 11)
2025-08-20 10:45:49,862 - feature_engineering - INFO - Engineered features for SKU Dust Bin, shape: (11, 11)
2025-08-20 10:45:49,867 - feature_engineering - INFO - Engineered features for SKU Duster, shape: (11, 11)
2025-08-20 10:45:49,872 - feature_engineering - INFO - Engineered features for SKU Dye 4DS FBA for Sysmex, shape: (11, 11)
2025-08-20 10:45:49,873 - feature_engineering - WARNING - Skipping SKU E.S.R Tube: insufficient data points (1)
2025-08-20 10:45:49,877 - feature_engineering - INFO - Engineered features for SKU EDTA Tube/CBC Vial, shape: (11, 11)
2025-08-20 10:45:49,878 - feature_engineering - WARNING - Skipping SKU ELISA Reader Blood Screening Machine: insufficient data points (1)
2025-08-20 10:45:49,884 - feature_engineering - INFO - Engineered features for SKU Envelops Large 9*12, shape: (9, 11)
2025-08-20 10:45:49,885 - feature_engineering - WARNING - Skipping SKU Eppendorf Tubes 1.5 ml : insufficient data points (1)
2025-08-20 10:45:49,887 - feature_engineering - WARNING - Skipping SKU Etchant : insufficient data points (1)
2025-08-20 10:45:49,888 - feature_engineering - WARNING - Skipping SKU Ethanol Absolute: insufficient data points (1)
2025-08-20 10:45:49,895 - feature_engineering - INFO - Engineered features for SKU FERRITIN CAL (ARC), shape: (6, 11)
2025-08-20 10:45:49,899 - feature_engineering - INFO - Engineered features for SKU FERRITIN CTL (ARC), shape: (9, 11)
2025-08-20 10:45:49,901 - feature_engineering - WARNING - Skipping SKU FIxmomull: insufficient data points (1)
2025-08-20 10:45:49,905 - feature_engineering - INFO - Engineered features for SKU Face Mask, shape: (11, 11)
2025-08-20 10:45:49,906 - feature_engineering - WARNING - Skipping SKU Factor 7 VII: insufficient data points (1)
2025-08-20 10:45:49,911 - feature_engineering - INFO - Engineered features for SKU Factor IX.500 IU, shape: (10, 11)
2025-08-20 10:45:49,915 - feature_engineering - INFO - Engineered features for SKU Factor VIII.500 IU, shape: (12, 11)
2025-08-20 10:45:49,916 - feature_engineering - WARNING - Skipping SKU Feripro 250mg Cap: insufficient data points (1)
2025-08-20 10:45:49,919 - feature_engineering - INFO - Engineered features for SKU Ferritin CS Elecsys V2, shape: (4, 11)
2025-08-20 10:45:49,923 - feature_engineering - INFO - Engineered features for SKU Ferritin Elecsys Cobas e 100 V2, shape: (7, 11)
2025-08-20 10:45:49,924 - feature_engineering - WARNING - Skipping SKU Files for Hemophilia Patients Blue: insufficient data points (1)
2025-08-20 10:45:49,925 - feature_engineering - WARNING - Skipping SKU Filter Tips 1 ml : insufficient data points (1)
2025-08-20 10:45:49,926 - feature_engineering - WARNING - Skipping SKU Filter Tips 10 ul : insufficient data points (1)
2025-08-20 10:45:49,927 - feature_engineering - WARNING - Skipping SKU Filter Tips 100ul: insufficient data points (1)
2025-08-20 10:45:49,927 - feature_engineering - WARNING - Skipping SKU Flagyl 200 mg Tab: insufficient data points (1)
2025-08-20 10:45:49,930 - feature_engineering - WARNING - Skipping SKU Flush Brush : insufficient data points (1)
2025-08-20 10:45:49,935 - feature_engineering - INFO - Engineered features for SKU Folic Acid, shape: (9, 11)
2025-08-20 10:45:49,940 - feature_engineering - INFO - Engineered features for SKU GENCAL PLUS SYP, shape: (12, 11)
2025-08-20 10:45:49,944 - feature_engineering - INFO - Engineered features for SKU GENCAL PLUS Tab, shape: (4, 11)
2025-08-20 10:45:49,945 - feature_engineering - WARNING - Skipping SKU GIC Filling Material : insufficient data points (1)
2025-08-20 10:45:49,949 - feature_engineering - INFO - Engineered features for SKU GOT/AST, shape: (4, 11)
2025-08-20 10:45:49,950 - feature_engineering - WARNING - Skipping SKU Gas Flame Gun: insufficient data points (1)
2025-08-20 10:45:49,954 - feature_engineering - INFO - Engineered features for SKU Gauze Surgi Piece, shape: (9, 11)
2025-08-20 10:45:49,958 - feature_engineering - INFO - Engineered features for SKU Gel Vial, shape: (8, 11)
2025-08-20 10:45:49,959 - feature_engineering - WARNING - Skipping SKU Giemsa Stain: insufficient data points (1)
2025-08-20 10:45:49,960 - feature_engineering - WARNING - Skipping SKU Giemsa Stain S: insufficient data points (1)
2025-08-20 10:45:49,964 - feature_engineering - INFO - Engineered features for SKU Glass Slids, shape: (10, 11)
2025-08-20 10:45:49,969 - feature_engineering - INFO - Engineered features for SKU Glint Glass Cleaner , shape: (7, 11)
2025-08-20 10:45:49,974 - feature_engineering - INFO - Engineered features for SKU Gloves Box, shape: (12, 11)
2025-08-20 10:45:49,975 - feature_engineering - WARNING - Skipping SKU Gluco Meter: insufficient data points (1)
2025-08-20 10:45:49,976 - feature_engineering - WARNING - Skipping SKU Gluco Stips: insufficient data points (1)
2025-08-20 10:45:49,981 - feature_engineering - INFO - Engineered features for SKU Gravinate Inj, shape: (10, 11)
2025-08-20 10:45:49,986 - feature_engineering - INFO - Engineered features for SKU Gravinate Syp, shape: (7, 11)
2025-08-20 10:45:49,992 - feature_engineering - INFO - Engineered features for SKU Gravinate Tab, shape: (5, 11)
2025-08-20 10:45:49,997 - feature_engineering - INFO - Engineered features for SKU H.Pylori, shape: (3, 11)
2025-08-20 10:45:50,002 - feature_engineering - INFO - Engineered features for SKU HB Meter, shape: (12, 11)
2025-08-20 10:45:50,008 - feature_engineering - INFO - Engineered features for SKU HB Strips, shape: (12, 11)
2025-08-20 10:45:50,013 - feature_engineering - INFO - Engineered features for SKU HBS Device, shape: (12, 11)
2025-08-20 10:45:50,022 - feature_engineering - INFO - Engineered features for SKU HBSag (Elisa), shape: (9, 11)
2025-08-20 10:45:50,028 - feature_engineering - INFO - Engineered features for SKU HBsAg G2 Elecsys cobas e 200 v2, shape: (12, 11)
2025-08-20 10:45:50,029 - feature_engineering - WARNING - Skipping SKU HBsAg G2 PC  Elecys : insufficient data points (2)
2025-08-20 10:45:50,037 - feature_engineering - INFO - Engineered features for SKU HCV Device, shape: (12, 11)
2025-08-20 10:45:50,044 - feature_engineering - INFO - Engineered features for SKU HCV RNA  Amplification kit, shape: (7, 11)
2025-08-20 10:45:50,051 - feature_engineering - INFO - Engineered features for SKU HCV RNA Extraction Kit, shape: (9, 11)
2025-08-20 10:45:50,059 - feature_engineering - INFO - Engineered features for SKU HCVag (Elisa), shape: (9, 11)
2025-08-20 10:45:50,065 - feature_engineering - INFO - Engineered features for SKU HIV Device, shape: (12, 11)
2025-08-20 10:45:50,072 - feature_engineering - INFO - Engineered features for SKU HIV PC G2 Elecsys, shape: (3, 11)
2025-08-20 10:45:50,078 - feature_engineering - INFO - Engineered features for SKU HIV combi PT Elecsys cobas e 200 (8924180190), shape: (12, 11)
2025-08-20 10:45:50,085 - feature_engineering - INFO - Engineered features for SKU HIVag (Elisa), shape: (9, 11)
2025-08-20 10:45:50,091 - feature_engineering - INFO - Engineered features for SKU HYDRYLIN SYP, shape: (6, 11)
2025-08-20 10:45:50,097 - feature_engineering - INFO - Engineered features for SKU Haemolyse reagent 800T cobas c 111, shape: (4, 11)
2025-08-20 10:45:50,103 - feature_engineering - INFO - Engineered features for SKU Hand Sanitizer, shape: (6, 11)
2025-08-20 10:45:50,109 - feature_engineering - INFO - Engineered features for SKU Hand Wash , shape: (8, 11)
2025-08-20 10:45:50,117 - feature_engineering - INFO - Engineered features for SKU Harpic , shape: (11, 11)
2025-08-20 10:45:50,119 - feature_engineering - WARNING - Skipping SKU Heamophilia Record  Register: insufficient data points (1)
2025-08-20 10:45:50,125 - feature_engineering - INFO - Engineered features for SKU Hemate -P (Factor), shape: (7, 11)
2025-08-20 10:45:50,130 - feature_engineering - INFO - Engineered features for SKU Hemophilia  Transfusion Request Card, shape: (9, 11)
2025-08-20 10:45:50,130 - feature_engineering - WARNING - Skipping SKU Hemophilia Blood Product Register : insufficient data points (1)
2025-08-20 10:45:50,135 - feature_engineering - INFO - Engineered features for SKU Hemophilia Blood Transfusion and General Check up Form , shape: (7, 11)
2025-08-20 10:45:50,136 - feature_engineering - WARNING - Skipping SKU Hemophilia Patient Registration Forms: insufficient data points (1)
2025-08-20 10:45:50,139 - feature_engineering - INFO - Engineered features for SKU Hide Collection Book, shape: (11, 11)
2025-08-20 10:45:50,143 - feature_engineering - INFO - Engineered features for SKU Hitachi Cups , shape: (9, 11)
2025-08-20 10:45:50,145 - feature_engineering - WARNING - Skipping SKU Hypoclorite : insufficient data points (1)
2025-08-20 10:45:50,150 - feature_engineering - INFO - Engineered features for SKU Hyrocartif Inj 100ml, shape: (12, 11)
2025-08-20 10:45:50,157 - feature_engineering - INFO - Engineered features for SKU Hyrocartif Inj 250ml, shape: (10, 11)
2025-08-20 10:45:50,162 - feature_engineering - INFO - Engineered features for SKU Hyzonate Injection 100mg, shape: (11, 11)
2025-08-20 10:45:50,167 - feature_engineering - INFO - Engineered features for SKU Hyzonate Injection 250mg, shape: (11, 11)
2025-08-20 10:45:50,171 - feature_engineering - WARNING - Skipping SKU Hyzonate Injection 500mg: insufficient data points (1)
2025-08-20 10:45:50,175 - feature_engineering - INFO - Engineered features for SKU I.V Cannula 22#, shape: (11, 11)
2025-08-20 10:45:50,185 - feature_engineering - INFO - Engineered features for SKU I.V Cannula 24#, shape: (12, 11)
2025-08-20 10:45:50,192 - feature_engineering - INFO - Engineered features for SKU I.V Set, shape: (12, 11)
2025-08-20 10:45:50,193 - feature_engineering - WARNING - Skipping SKU ICE BOX: insufficient data points (1)
2025-08-20 10:45:50,199 - feature_engineering - INFO - Engineered features for SKU IROFIX Sachets , shape: (8, 11)
2025-08-20 10:45:50,201 - feature_engineering - WARNING - Skipping SKU ISE cleaning solution Sys Clean : insufficient data points (1)
2025-08-20 10:45:50,204 - feature_engineering - WARNING - Skipping SKU IV Stand: insufficient data points (1)
2025-08-20 10:45:50,205 - feature_engineering - WARNING - Skipping SKU Incoming Mail Register : insufficient data points (1)
2025-08-20 10:45:50,208 - feature_engineering - WARNING - Skipping SKU Infusion Pumps: insufficient data points (1)
2025-08-20 10:45:50,215 - feature_engineering - INFO - Engineered features for SKU Inj Decadron/Dexa, shape: (11, 11)
2025-08-20 10:45:50,216 - feature_engineering - WARNING - Skipping SKU Inj Inocef  500 mg : insufficient data points (1)
2025-08-20 10:45:50,217 - feature_engineering - WARNING - Skipping SKU Inj Zoledronic Acid : insufficient data points (2)
2025-08-20 10:45:50,224 - feature_engineering - INFO - Engineered features for SKU Injection Cutter , shape: (9, 11)
2025-08-20 10:45:50,232 - feature_engineering - INFO - Engineered features for SKU Injection ONEFER , shape: (11, 11)
2025-08-20 10:45:50,240 - feature_engineering - INFO - Engineered features for SKU Juices, shape: (12, 11)
2025-08-20 10:45:50,245 - feature_engineering - INFO - Engineered features for SKU Kelfer 500mg, shape: (10, 11)
2025-08-20 10:45:50,246 - feature_engineering - WARNING - Skipping SKU LCD: insufficient data points (1)
2025-08-20 10:45:50,247 - feature_engineering - WARNING - Skipping SKU LDH, 100T, cobas c 111: insufficient data points (1)
2025-08-20 10:45:50,253 - feature_engineering - INFO - Engineered features for SKU Laptop, shape: (10, 11)
2025-08-20 10:45:50,257 - feature_engineering - INFO - Engineered features for SKU Lasix Inj, shape: (8, 11)
2025-08-20 10:45:50,258 - feature_engineering - WARNING - Skipping SKU Ledger Accounting Sheet Register: insufficient data points (1)
2025-08-20 10:45:50,259 - feature_engineering - WARNING - Skipping SKU Lota : insufficient data points (1)
2025-08-20 10:45:50,263 - feature_engineering - INFO - Engineered features for SKU Lyse, shape: (12, 11)
2025-08-20 10:45:50,269 - feature_engineering - INFO - Engineered features for SKU Lyse 4DL for Sysmex , shape: (11, 11)
2025-08-20 10:45:50,275 - feature_engineering - INFO - Engineered features for SKU Lyse FBA for Sysmex , shape: (9, 11)
2025-08-20 10:45:50,276 - feature_engineering - WARNING - Skipping SKU Lyse globin: insufficient data points (1)
2025-08-20 10:45:50,280 - feature_engineering - INFO - Engineered features for SKU Lyser (01L) for BT Series , shape: (10, 11)
2025-08-20 10:45:50,281 - feature_engineering - WARNING - Skipping SKU MALTONUM Syp: insufficient data points (1)
2025-08-20 10:45:50,282 - feature_engineering - WARNING - Skipping SKU MALTONUM Tab: insufficient data points (1)
2025-08-20 10:45:50,287 - feature_engineering - INFO - Engineered features for SKU Magea Unit Kit, shape: (10, 11)
2025-08-20 10:45:50,292 - feature_engineering - INFO - Engineered features for SKU Malaria Device, shape: (12, 11)
2025-08-20 10:45:50,293 - feature_engineering - WARNING - Skipping SKU Medicine Book Receipt: insufficient data points (1)
2025-08-20 10:45:50,298 - feature_engineering - INFO - Engineered features for SKU Methanol, shape: (9, 11)
2025-08-20 10:45:50,299 - feature_engineering - WARNING - Skipping SKU Mic: insufficient data points (2)
2025-08-20 10:45:50,302 - feature_engineering - WARNING - Skipping SKU Micro Brush: insufficient data points (1)
2025-08-20 10:45:50,309 - feature_engineering - INFO - Engineered features for SKU Microscope, shape: (5, 11)
2025-08-20 10:45:50,310 - feature_engineering - WARNING - Skipping SKU Microscopy Oil: insufficient data points (1)
2025-08-20 10:45:50,315 - feature_engineering - INFO - Engineered features for SKU Miniplast Family pack of 100, shape: (3, 11)
2025-08-20 10:45:50,316 - feature_engineering - WARNING - Skipping SKU Mobile Phone : insufficient data points (1)
2025-08-20 10:45:50,318 - feature_engineering - WARNING - Skipping SKU Multifunctional Squat Rack: insufficient data points (1)
2025-08-20 10:45:50,322 - feature_engineering - INFO - Engineered features for SKU Myfol Drop 15ml, shape: (9, 11)
2025-08-20 10:45:50,323 - feature_engineering - WARNING - Skipping SKU N S filler Bottle for Lab : insufficient data points (1)
2025-08-20 10:45:50,324 - feature_engineering - WARNING - Skipping SKU Napkin : insufficient data points (1)
2025-08-20 10:45:50,329 - feature_engineering - INFO - Engineered features for SKU Nebulizer Kit/Machine, shape: (3, 11)
2025-08-20 10:45:50,335 - feature_engineering - INFO - Engineered features for SKU Neurobion, shape: (4, 11)
2025-08-20 10:45:50,339 - feature_engineering - INFO - Engineered features for SKU Neurobion Inj, shape: (7, 11)
2025-08-20 10:45:50,343 - feature_engineering - INFO - Engineered features for SKU Nitrile Gloves M, shape: (4, 11)
2025-08-20 10:45:50,349 - feature_engineering - INFO - Engineered features for SKU Normal Salin 1000ml, shape: (11, 11)
2025-08-20 10:45:50,354 - feature_engineering - INFO - Engineered features for SKU Normal Salin 100ml, shape: (10, 11)
2025-08-20 10:45:50,358 - feature_engineering - INFO - Engineered features for SKU Normal Salin 500ml, shape: (12, 11)
2025-08-20 10:45:50,363 - feature_engineering - INFO - Engineered features for SKU Nospa Inj, shape: (3, 11)
2025-08-20 10:45:50,364 - feature_engineering - WARNING - Skipping SKU OPD Record Register : insufficient data points (1)
2025-08-20 10:45:50,365 - feature_engineering - WARNING - Skipping SKU OPD Transfusion Request Card : insufficient data points (1)
2025-08-20 10:45:50,366 - feature_engineering - WARNING - Skipping SKU OPD Visitors Slip: insufficient data points (1)
2025-08-20 10:45:50,368 - feature_engineering - WARNING - Skipping SKU ORS Sachet: insufficient data points (2)
2025-08-20 10:45:50,369 - feature_engineering - WARNING - Skipping SKU Oderox 250: insufficient data points (1)
2025-08-20 10:45:50,373 - feature_engineering - INFO - Engineered features for SKU Oderox 500mg, shape: (3, 11)
2025-08-20 10:45:50,377 - feature_engineering - INFO - Engineered features for SKU Office Chairs, shape: (6, 11)
2025-08-20 10:45:50,383 - feature_engineering - INFO - Engineered features for SKU Office Table, shape: (6, 11)
2025-08-20 10:45:50,386 - feature_engineering - INFO - Engineered features for SKU Olper's Milk 250 ml, shape: (12, 11)
2025-08-20 10:45:50,391 - feature_engineering - INFO - Engineered features for SKU Oxidil Inj 1GRM, shape: (9, 11)
2025-08-20 10:45:50,392 - feature_engineering - WARNING - Skipping SKU Oxidil Inj 500mg: insufficient data points (1)
2025-08-20 10:45:50,393 - feature_engineering - WARNING - Skipping SKU PT Thromborel S 100 ul  : insufficient data points (1)
2025-08-20 10:45:50,398 - feature_engineering - INFO - Engineered features for SKU Pad for Blood Transfusion Reaction Investigation Report, shape: (8, 11)
2025-08-20 10:45:50,400 - feature_engineering - WARNING - Skipping SKU Pad for Donor History Questionnaire : insufficient data points (1)
2025-08-20 10:45:50,401 - feature_engineering - WARNING - Skipping SKU Pad for Final Check at the time of Issued of Blood Product : insufficient data points (1)
2025-08-20 10:45:50,405 - feature_engineering - INFO - Engineered features for SKU Pad for Transfusion Request form  , shape: (6, 11)
2025-08-20 10:45:50,406 - feature_engineering - WARNING - Skipping SKU Pamphlet/Flyer for Sundas Foundation: insufficient data points (1)
2025-08-20 10:45:50,410 - feature_engineering - INFO - Engineered features for SKU Panadol Syp, shape: (11, 11)
2025-08-20 10:45:50,414 - feature_engineering - INFO - Engineered features for SKU Panadol Tablet, shape: (12, 11)
2025-08-20 10:45:50,418 - feature_engineering - INFO - Engineered features for SKU Paper Reams, shape: (11, 11)
2025-08-20 10:45:50,423 - feature_engineering - INFO - Engineered features for SKU Paper Roll 40MTR, shape: (6, 11)
2025-08-20 10:45:50,424 - feature_engineering - WARNING - Skipping SKU Patient Reaction Notification form: insufficient data points (1)
2025-08-20 10:45:50,428 - feature_engineering - INFO - Engineered features for SKU Patient's Investigation Form, shape: (12, 11)
2025-08-20 10:45:50,433 - feature_engineering - INFO - Engineered features for SKU Phenyl, shape: (6, 11)
2025-08-20 10:45:50,438 - feature_engineering - INFO - Engineered features for SKU Phool Jharo, shape: (11, 11)
2025-08-20 10:45:50,443 - feature_engineering - INFO - Engineered features for SKU Physiotherapy Examination Slip, shape: (12, 11)
2025-08-20 10:45:50,444 - feature_engineering - WARNING - Skipping SKU Pipette 0.5-10ul : insufficient data points (1)
2025-08-20 10:45:50,445 - feature_engineering - WARNING - Skipping SKU Pipette 10-100 ul : insufficient data points (1)
2025-08-20 10:45:50,449 - feature_engineering - INFO - Engineered features for SKU Pipette 100-1000ul, shape: (4, 11)
2025-08-20 10:45:50,454 - feature_engineering - INFO - Engineered features for SKU Pipette 20-200ul, shape: (4, 11)
2025-08-20 10:45:50,455 - feature_engineering - WARNING - Skipping SKU Plastic Jar for Lab: insufficient data points (1)
2025-08-20 10:45:50,460 - feature_engineering - INFO - Engineered features for SKU Plastic Tube/Test Tube (PKT), shape: (11, 11)
2025-08-20 10:45:50,461 - feature_engineering - WARNING - Skipping SKU Plunger: insufficient data points (1)
2025-08-20 10:45:50,462 - feature_engineering - WARNING - Skipping SKU Poster for Blood Camps : insufficient data points (1)
2025-08-20 10:45:50,463 - feature_engineering - WARNING - Skipping SKU PreciControl Varia Elecsys : insufficient data points (1)
2025-08-20 10:45:50,464 - feature_engineering - WARNING - Skipping SKU Pregnancy  strips : insufficient data points (1)
2025-08-20 10:45:50,469 - feature_engineering - INFO - Engineered features for SKU Printer, shape: (11, 11)
2025-08-20 10:45:50,475 - feature_engineering - INFO - Engineered features for SKU ProCell Elecsys, cobas e 200, shape: (12, 11)
2025-08-20 10:45:50,480 - feature_engineering - INFO - Engineered features for SKU Provas Inj, shape: (9, 11)
2025-08-20 10:45:50,485 - feature_engineering - INFO - Engineered features for SKU Pt/aptt vial, shape: (9, 11)
2025-08-20 10:45:50,486 - feature_engineering - WARNING - Skipping SKU Pulpotech: insufficient data points (1)
2025-08-20 10:45:50,487 - feature_engineering - WARNING - Skipping SKU Pulse Oximeter: insufficient data points (1)
2025-08-20 10:45:50,488 - feature_engineering - WARNING - Skipping SKU Pyodine: insufficient data points (1)
2025-08-20 10:45:50,494 - feature_engineering - INFO - Engineered features for SKU Quality Control L1, shape: (6, 11)
2025-08-20 10:45:50,499 - feature_engineering - INFO - Engineered features for SKU Quality Control L2, shape: (6, 11)
2025-08-20 10:45:50,505 - feature_engineering - INFO - Engineered features for SKU RC Filter, shape: (10, 11)
2025-08-20 10:45:50,509 - feature_engineering - INFO - Engineered features for SKU RC Filter (Blue), shape: (7, 11)
2025-08-20 10:45:50,510 - feature_engineering - WARNING - Skipping SKU RC Filter (White): insufficient data points (1)
2025-08-20 10:45:50,511 - feature_engineering - WARNING - Skipping SKU Reagent Disc Assy: insufficient data points (1)
2025-08-20 10:45:50,512 - feature_engineering - WARNING - Skipping SKU Records of Reserved Patients Register : insufficient data points (1)
2025-08-20 10:45:50,512 - feature_engineering - WARNING - Skipping SKU Referal Form: insufficient data points (1)
2025-08-20 10:45:50,513 - feature_engineering - WARNING - Skipping SKU Register for New Registered Patients of Hemophilia : insufficient data points (1)
2025-08-20 10:45:50,514 - feature_engineering - WARNING - Skipping SKU Register for New Registered Patients of Thalassemia : insufficient data points (1)
2025-08-20 10:45:50,519 - feature_engineering - INFO - Engineered features for SKU Renocal Syp, shape: (12, 11)
2025-08-20 10:45:50,522 - feature_engineering - INFO - Engineered features for SKU Renocal Tab, shape: (12, 11)
2025-08-20 10:45:50,526 - feature_engineering - INFO - Engineered features for SKU Revolving Chair, shape: (3, 11)
2025-08-20 10:45:50,530 - feature_engineering - INFO - Engineered features for SKU Ringer 500ml, shape: (3, 11)
2025-08-20 10:45:50,535 - feature_engineering - INFO - Engineered features for SKU Risek inj , shape: (3, 11)
2025-08-20 10:45:50,536 - feature_engineering - WARNING - Skipping SKU Roller Mixer: insufficient data points (1)
2025-08-20 10:45:50,542 - feature_engineering - INFO - Engineered features for SKU SERROX 250 mg, shape: (11, 11)
2025-08-20 10:45:50,547 - feature_engineering - INFO - Engineered features for SKU SERROX 500mg, shape: (12, 11)
2025-08-20 10:45:50,553 - feature_engineering - INFO - Engineered features for SKU SHARP CONTAINER , shape: (11, 11)
2025-08-20 10:45:50,554 - feature_engineering - WARNING - Skipping SKU Sample Cups 1000 pcs : insufficient data points (2)
2025-08-20 10:45:50,555 - feature_engineering - WARNING - Skipping SKU Sample Racks: insufficient data points (1)
2025-08-20 10:45:50,556 - feature_engineering - WARNING - Skipping SKU Sangobion Cap: insufficient data points (1)
2025-08-20 10:45:50,557 - feature_engineering - WARNING - Skipping SKU Sangobion Syp: insufficient data points (1)
2025-08-20 10:45:50,562 - feature_engineering - INFO - Engineered features for SKU Sani Plaster, shape: (11, 11)
2025-08-20 10:45:50,567 - feature_engineering - INFO - Engineered features for SKU School Campaign Cards, shape: (9, 11)
2025-08-20 10:45:50,572 - feature_engineering - INFO - Engineered features for SKU Scotch Bright , shape: (8, 11)
2025-08-20 10:45:50,577 - feature_engineering - INFO - Engineered features for SKU Sepi Brush , shape: (11, 11)
2025-08-20 10:45:50,582 - feature_engineering - INFO - Engineered features for SKU Serum Cup, shape: (10, 11)
2025-08-20 10:45:50,583 - feature_engineering - WARNING - Skipping SKU Sesser : insufficient data points (1)
2025-08-20 10:45:50,589 - feature_engineering - INFO - Engineered features for SKU Single Blood Bags (demotek), shape: (7, 11)
2025-08-20 10:45:50,591 - feature_engineering - WARNING - Skipping SKU Single blood bag (JMS): insufficient data points (1)
2025-08-20 10:45:50,592 - feature_engineering - WARNING - Skipping SKU Sodium Citrate 500 g : insufficient data points (1)
2025-08-20 10:45:50,593 - feature_engineering - WARNING - Skipping SKU Sound System/Speakers: insufficient data points (1)
2025-08-20 10:45:50,600 - feature_engineering - INFO - Engineered features for SKU Spasfon 4ml Inj, shape: (5, 11)
2025-08-20 10:45:50,601 - feature_engineering - WARNING - Skipping SKU Spasfon Tab: insufficient data points (1)
2025-08-20 10:45:50,605 - feature_engineering - INFO - Engineered features for SKU Speed X Thermal Printer, shape: (6, 11)
2025-08-20 10:45:50,610 - feature_engineering - INFO - Engineered features for SKU Spirit, shape: (12, 11)
2025-08-20 10:45:50,613 - feature_engineering - INFO - Engineered features for SKU Sprit, shape: (11, 11)
2025-08-20 10:45:50,614 - feature_engineering - WARNING - Skipping SKU Sterlization Pouch: insufficient data points (1)
2025-08-20 10:45:50,620 - feature_engineering - INFO - Engineered features for SKU Sticker for Donation Boxes, shape: (8, 11)
2025-08-20 10:45:50,624 - feature_engineering - INFO - Engineered features for SKU Sticking Tap, shape: (12, 11)
2025-08-20 10:45:50,630 - feature_engineering - INFO - Engineered features for SKU Store Requisition Form , shape: (7, 11)
2025-08-20 10:45:50,633 - feature_engineering - INFO - Engineered features for SKU Stromatelzer (1pc), shape: (12, 11)
2025-08-20 10:45:50,634 - feature_engineering - WARNING - Skipping SKU Sugar Regent : insufficient data points (1)
2025-08-20 10:45:50,638 - feature_engineering - INFO - Engineered features for SKU Sugar Strtps , shape: (5, 11)
2025-08-20 10:45:50,639 - feature_engineering - WARNING - Skipping SKU Sundas Foundation Brochures: insufficient data points (1)
2025-08-20 10:45:50,643 - feature_engineering - INFO - Engineered features for SKU Sundas Foundation Letter Head, shape: (12, 11)
2025-08-20 10:45:50,648 - feature_engineering - INFO - Engineered features for SKU Sundas Foundation Visiting  Cards, shape: (12, 11)
2025-08-20 10:45:50,649 - feature_engineering - WARNING - Skipping SKU Sundas Requisition Slip: insufficient data points (1)
2025-08-20 10:45:50,654 - feature_engineering - INFO - Engineered features for SKU Surf Excel, shape: (10, 11)
2025-08-20 10:45:50,655 - feature_engineering - WARNING - Skipping SKU Symbol ID 2D Hand Held Scanner 4308: insufficient data points (1)
2025-08-20 10:45:50,660 - feature_engineering - INFO - Engineered features for SKU Syphilis Elecsys cobas e 200, shape: (12, 11)
2025-08-20 10:45:50,661 - feature_engineering - WARNING - Skipping SKU Syphilis PC  Elecsys : insufficient data points (2)
2025-08-20 10:45:50,666 - feature_engineering - INFO - Engineered features for SKU Syplilis Device, shape: (12, 11)
2025-08-20 10:45:50,671 - feature_engineering - INFO - Engineered features for SKU Syring 3cc, shape: (11, 11)
2025-08-20 10:45:50,675 - feature_engineering - INFO - Engineered features for SKU Syringes 10 cc, shape: (8, 11)
2025-08-20 10:45:50,679 - feature_engineering - INFO - Engineered features for SKU Syringes 5cc, shape: (11, 11)
2025-08-20 10:45:50,682 - feature_engineering - INFO - Engineered features for SKU Sys Wash Elecsys, cobas e , shape: (12, 11)
2025-08-20 10:45:50,688 - feature_engineering - INFO - Engineered features for SKU T-ONE Vitamin D3, shape: (10, 11)
2025-08-20 10:45:50,693 - feature_engineering - INFO - Engineered features for SKU T3 Kit (100 Test), shape: (8, 11)
2025-08-20 10:45:50,698 - feature_engineering - INFO - Engineered features for SKU T4 Kit (100 Test), shape: (6, 11)
2025-08-20 10:45:50,700 - feature_engineering - WARNING - Skipping SKU TRAMAL Injection: insufficient data points (2)
2025-08-20 10:45:50,705 - feature_engineering - INFO - Engineered features for SKU TSH kit (100 Test), shape: (8, 11)
2025-08-20 10:45:50,710 - feature_engineering - INFO - Engineered features for SKU Telephone Set, shape: (8, 11)
2025-08-20 10:45:50,711 - feature_engineering - WARNING - Skipping SKU Thala Set: insufficient data points (1)
2025-08-20 10:45:50,712 - feature_engineering - WARNING - Skipping SKU Thalassemia Blood Product Register : insufficient data points (1)
2025-08-20 10:45:50,717 - feature_engineering - INFO - Engineered features for SKU Thalassemia Blood Transfusion and General Check up Form , shape: (7, 11)
2025-08-20 10:45:50,722 - feature_engineering - INFO - Engineered features for SKU Thalassemia Patient Registration Forms, shape: (4, 11)
2025-08-20 10:45:50,724 - feature_engineering - WARNING - Skipping SKU Thalassemia Record Register : insufficient data points (1)
2025-08-20 10:45:50,729 - feature_engineering - INFO - Engineered features for SKU Thalassemia Transfusion Request Card, shape: (12, 11)
2025-08-20 10:45:50,730 - feature_engineering - WARNING - Skipping SKU Thermometer: insufficient data points (1)
2025-08-20 10:45:50,736 - feature_engineering - INFO - Engineered features for SKU Thermometer Digitel, shape: (8, 11)
2025-08-20 10:45:50,741 - feature_engineering - INFO - Engineered features for SKU Tonoflex P Tab , shape: (5, 11)
2025-08-20 10:45:50,746 - feature_engineering - INFO - Engineered features for SKU Tooth Picks, shape: (9, 11)
2025-08-20 10:45:50,753 - feature_engineering - INFO - Engineered features for SKU Toradol 30 mg Inj, shape: (5, 11)
2025-08-20 10:45:50,756 - feature_engineering - INFO - Engineered features for SKU Tourniquet , shape: (5, 11)
2025-08-20 10:45:50,760 - feature_engineering - INFO - Engineered features for SKU Towel , shape: (11, 11)
2025-08-20 10:45:50,766 - feature_engineering - INFO - Engineered features for SKU Tramadol Inj, shape: (11, 11)
2025-08-20 10:45:50,771 - feature_engineering - INFO - Engineered features for SKU Transamin Injection 250 g, shape: (8, 11)
2025-08-20 10:45:50,777 - feature_engineering - INFO - Engineered features for SKU Transamin Injection 500 g, shape: (11, 11)
2025-08-20 10:45:50,778 - feature_engineering - WARNING - Skipping SKU Transamin Tab 500 MG: insufficient data points (1)
2025-08-20 10:45:50,779 - feature_engineering - WARNING - Skipping SKU Transfusion Reaction Investigation form: insufficient data points (1)
2025-08-20 10:45:50,785 - feature_engineering - INFO - Engineered features for SKU Transport  Tap, shape: (8, 11)
2025-08-20 10:45:50,786 - feature_engineering - WARNING - Skipping SKU Tray Steel: insufficient data points (1)
2025-08-20 10:45:50,787 - feature_engineering - WARNING - Skipping SKU Tripple Blood Bags (demotek): insufficient data points (1)
2025-08-20 10:45:50,792 - feature_engineering - INFO - Engineered features for SKU Typhiod Device, shape: (4, 11)
2025-08-20 10:45:50,793 - feature_engineering - WARNING - Skipping SKU UPS: insufficient data points (1)
2025-08-20 10:45:50,798 - feature_engineering - INFO - Engineered features for SKU URINE CANTANER , shape: (11, 11)
2025-08-20 10:45:50,803 - feature_engineering - INFO - Engineered features for SKU Universal Diluent 2*16ml Elecsys cobas e , shape: (3, 11)
2025-08-20 10:45:50,808 - feature_engineering - INFO - Engineered features for SKU Urea UV2, shape: (9, 11)
2025-08-20 10:45:50,812 - feature_engineering - INFO - Engineered features for SKU Ureal, 400T, cobas c111, shape: (6, 11)
2025-08-20 10:45:50,817 - feature_engineering - INFO - Engineered features for SKU Uric Acid , shape: (7, 11)
2025-08-20 10:45:50,821 - feature_engineering - INFO - Engineered features for SKU Urine Strips , shape: (9, 11)
2025-08-20 10:45:50,826 - feature_engineering - INFO - Engineered features for SKU VItadol- D Inj, shape: (7, 11)
2025-08-20 10:45:50,829 - feature_engineering - INFO - Engineered features for SKU Vener Gel, shape: (5, 11)
2025-08-20 10:45:50,831 - feature_engineering - WARNING - Skipping SKU Ventoline Solution : insufficient data points (1)
2025-08-20 10:45:50,835 - feature_engineering - INFO - Engineered features for SKU Vim Powder , shape: (11, 11)
2025-08-20 10:45:50,840 - feature_engineering - INFO - Engineered features for SKU Vitamin D Total CS Elecsys , shape: (6, 11)
2025-08-20 10:45:50,846 - feature_engineering - INFO - Engineered features for SKU Vitamin D Total Elecsys cobas e 100, shape: (9, 11)
2025-08-20 10:45:50,850 - feature_engineering - INFO - Engineered features for SKU Vitamin D Total G3 Elecsys , shape: (5, 11)
2025-08-20 10:45:50,852 - feature_engineering - WARNING - Skipping SKU Vydee Inj 5mg : insufficient data points (1)
2025-08-20 10:45:50,857 - feature_engineering - INFO - Engineered features for SKU Waste Bag yellow 18*24 HD, shape: (11, 11)
2025-08-20 10:45:50,862 - feature_engineering - INFO - Engineered features for SKU Waste Bag yellow 33*36 HD, shape: (11, 11)
2025-08-20 10:45:50,862 - feature_engineering - WARNING - Skipping SKU Water Bath: insufficient data points (1)
2025-08-20 10:45:50,863 - feature_engineering - WARNING - Skipping SKU Weighing Scale Floor Mounted: insufficient data points (1)
2025-08-20 10:45:50,867 - feature_engineering - INFO - Engineered features for SKU Wiper , shape: (11, 11)
2025-08-20 10:45:50,868 - feature_engineering - WARNING - Skipping SKU Yellow TIP Stand : insufficient data points (1)
2025-08-20 10:45:50,873 - feature_engineering - INFO - Engineered features for SKU Yellow Tips, shape: (11, 11)
2025-08-20 10:45:50,874 - feature_engineering - WARNING - Skipping SKU ultra sound paper: insufficient data points (1)
2025-08-20 10:45:50,879 - feature_engineering - INFO - Engineered features for SKU washing cleanser 100ml, shape: (9, 11)
2025-08-20 10:45:50,910 - pipeline - INFO - Final feature DataFrame shape: (2498, 11)
2025-08-20 10:45:51,283 - pipeline - INFO - Saved features to /workspaces/Machine-learning/data/transformed/monthly_features.parquet
2025-08-20 10:45:51,287 - root - INFO - Feature pipeline completed successfully
